This file contains any messages produced by compilers while
running configure, to aid debugging if configure makes a mistake.

configure:582: checking for a BSD compatible install
configure:635: checking whether build environment is sane
configure:692: checking whether make sets ${MAKE}
configure:738: checking for working aclocal
configure:751: checking for working autoconf
configure:764: checking for working automake
configure:777: checking for working autoheader
configure:790: checking for working makeinfo
configure:813: checking for libtool
configure:851: checking for ranlib
configure:885: checking host system type
configure:1537: checking for gcc
configure:1614: checking whether the C compiler (gcc  ) works
configure:1628: gcc -o conftest    conftest.c  1>&5
configure:1648: checking whether the C compiler (gcc  ) is a cross-compiler
configure:1653: checking whether we are using GNU C
configure:1677: checking whether gcc accepts -g
configure:1765: checking for ld used by GCC
configure:1822: checking if the linker (/usr/bin/ld) is GNU ld
configure:1838: checking for BSD-compatible nm
configure:1875: checking whether ln -s works
configure:1943: checking how to run the C preprocessor
configure:2004: checking for AIX
configure:2032: checking for gcc option to accept ANSI C
configure:2110: checking for working const
configure:2187: checking for function prototypes
configure:2348: checking for working alloca.h
configure:2381: checking for alloca
configure:2576: checking for ANSI C header files
configure:2683: checking for string.h
configure:2683: checking for stdlib.h
configure:2683: checking for unistd.h
configure:2683: checking for errno.h
configure:2683: checking for float.h
configure:2683: checking for limits.h
configure:2721: checking size of int
configure:2760: checking size of long
configure:2802: checking for srand48
configure:2802: checking for drand48
configure:2802: checking for sleep
configure:2802: checking for usleep
configure:2802: checking for lstat
configure:2856: checking if inline works
configure:2872: gcc -c -g -O2  conftest.c 1>&5
configure:2892: checking if struct stat has st_blksize
configure:2907: gcc -c -g -O2  conftest.c 1>&5
configure:2927: checking if struct stat has st_blocks
configure:2942: gcc -c -g -O2  conftest.c 1>&5
configure:3147: checking for dlfcn.h
configure:3184: checking for dlopen in -ldl
