./test/schemas/element-err_0.xsd:8: element element: Schemas parser error : Element '{http://www.w3.org/2001/XMLSchema}element': The attribute 'name' is required but missing.
./test/schemas/element-err_0.xsd:14: element element: Schemas parser error : element decl. '{http://FOO}foo': The attribute 'ref' is not allowed.
./test/schemas/element-err_0.xsd:14: element element: Schemas parser error : element decl. '{http://FOO}foo': The attribute 'minOccurs' is not allowed.
./test/schemas/element-err_0.xsd:14: element element: Schemas parser error : element decl. '{http://FOO}foo': The attribute 'maxOccurs' is not allowed.
./test/schemas/element-err_0.xsd:14: element element: Schemas parser error : element decl. '{http://FOO}foo': The attribute 'form' is not allowed.
./test/schemas/element-err_0.xsd:14: element element: Schemas parser error : Element '{http://www.w3.org/2001/XMLSchema}element', attribute 'final': The value 'fantasy' is not valid. Expected is '(#all | List of (extension | restriction))'.
./test/schemas/element-err_0.xsd:14: element element: Schemas parser error : Element '{http://www.w3.org/2001/XMLSchema}element', attribute 'block': The value 'flute' is not valid. Expected is '(#all | List of (extension | restriction | substitution))'.
./test/schemas/element-err_0.xsd:14: element element: Schemas parser error : element decl. '{http://FOO}foo': The attributes 'default' and 'fixed' are mutually exclusive.
./test/schemas/element-err_0.xsd:22: element element: Schemas parser error : Element '{http://www.w3.org/2001/XMLSchema}element', attribute 'minOccurs': The value must not be greater than the value of 'maxOccurs'.
./test/schemas/element-err_0.xsd:22: element element: Schemas parser error : Element '{http://www.w3.org/2001/XMLSchema}element': The attributes 'ref' and 'name' are mutually exclusive.
./test/schemas/element-err_0.xsd:22: element element: Schemas parser error : Element '{http://www.w3.org/2001/XMLSchema}element', attribute 'abstract': Only the attributes 'minOccurs', 'maxOccurs' and 'id' are allowed in addition to 'ref'.
./test/schemas/element-err_0.xsd:23: element complexType: Schemas parser error : Element '{http://www.w3.org/2001/XMLSchema}element': The content is not valid. Expected is (annotation?).
./test/schemas/element-err_0.xsd:30: element element: Schemas parser error : Element '{http://www.w3.org/2001/XMLSchema}element', attribute 'maxOccurs': The value must be greater than or equal to 1.
./test/schemas/element-err_0.xsd:30: element element: Schemas parser error : element decl. '{http://FOO}myomy': The attribute 'abstract' is not allowed.
./test/schemas/element-err_0.xsd:30: element element: Schemas parser error : element decl. '{http://FOO}myomy': The attribute 'substitutionGroup' is not allowed.
./test/schemas/element-err_0.xsd:30: element element: Schemas parser error : element decl. '{http://FOO}myomy': The attribute 'final' is not allowed.
./test/schemas/element-err_0.xsd:30: element element: Schemas parser error : Element '{http://www.w3.org/2001/XMLSchema}element', attribute 'block': The value 'flute' is not valid. Expected is '(#all | List of (extension | restriction | substitution))'.
./test/schemas/element-err_0.xsd:30: element element: Schemas parser error : element decl. '{http://FOO}myomy': The attributes 'default' and 'fixed' are mutually exclusive.
./test/schemas/element-err_0.xsd:31: element complexType: Schemas parser error : element decl. '{http://FOO}myomy': The attribute 'type' and the <complexType> child are mutually exclusive.
./test/schemas/element-err_0.xsd:32: element simpleType: Schemas parser error : element decl. '{http://FOO}myomy': The content is not valid. Expected is (annotation?, ((simpleType | complexType)?, (unique | key | keyref)*)).
