1001	"out of memory"
1003	"cannot open file: %s"
1004	"%s is read-only"
1005	"invalid executable file"
1006	"invalid module %s"
1007	"invalid %s table in module %s"
1008	"cannot write output file"
1011	"type information corrupt, recompile module %s"
1012	"no debugging information"
1013	"incompatible version of debugging information"
1015	"too many segments in module %s"
1016	"cannot execute MPC.EXE"
1017	"cannot find precompiled types file; relink with %s"
1018	"%s cannot use precompiled types file %s : type counts do not match"
1019	"new module declared during incremental link"
1021	"%s cannot use precompiled types file %s : signatures do not match"
1022	"cannot open program database %s"
1023	"%s cannot use program database %s : module newer than database"
1024	"%s cannot use program database %s : signatures do not match"
1025	"incorrect COFF symbol table"
1026	"symbol table for module %s is too large"
1027	"you have accessed an incorrect version of MSPDB41.DLL, recheck your installation"
1028	"%s compiled /Yc /Yu /Z7; cannot create debug info, recompile all with /Zi"
1029	"Usage: cvpack [/help] [/minimum] [/nologo] [/pcode] [/strip] [dbgfile] [/verbose] exefile"
4001	"file already packed"
4002	"duplicate public symbol %s in module %s"
4003	"error in lexical scopes for module %s; symbols deleted"
4004	"unrecognized symbol discarded; recompile module %s"
4005	"unrecognized type converted to NULL; recompile module %s"
4006	"type length limit exceeded; converted to NULL"
4007	"unrecognized option /%s; option ignored"
4008	"section length limit exceeded; %s in module %s"
4009	"exceeded 64K types at %s; discarding subsequent types"
4010	"cannot update checksum"
8001	"CVPACK : fatal error CK%04u:%c"
8002	"CVPACK : warning CK%04u:%c"
8004	"Subsection: %s"
8005	"Type: %s"
8006	"Field: %s"
8007	"Description: %s"
8008	"Microsoft (R) Debugging Information Compactor  Version %d.%02d.%04d%c"
8009	"Copyright (C) Microsoft Corp 1987-1996. All rights reserved."
8010	"%% Complete: %d"
8011	"Initial type size%s= %8.ld%cCompacted type size%s= %8.ld%c"
8012	"Line/Address size%s= %8.ld%c"
8013	"Public symbol size%s= %8.1ld%c"
8014	"Initial symbol size%s= %8.ld%cFinal symbol size%s= %8.ld%cGlobal symbol size%s= %8.1ld%c"
8015	"Reading PDB: %s%c"
