DWORD
INLPCREATESTRUCT
INSTRINGNULL
OUTSTRING
#if !defined(FE_SB)
GETTEXTLENGTHS
#endif
INSTRING
INOUTLPPOINT5
INLPDRAWITEMSTRUCT
INOUTLPMEASUREITEMSTRUCT
INLPDELETEITEMSTRUCT
INWPARAMCHAR
INLPHLPSTRUCT
INLPCOMPAREITEMSTRUCT
INOUTLPWINDOWPOS
INLPWINDOWPOS
COPYGLOBALDATA
COPYDATA
INLPHELPINFOSTRUCT
INOUTSTYLECHANGE
INOUTNCCALCSIZE
DWORDOPTINLPMSG
INOUTLPRECT
OPTOUTLPDWORDOPTOUTLPDWORD
OUTLPRECT
INCNTOUTSTRING
POPTINLPUINT
INOUTLPSCROLLINFO
INCBOXSTRING
OUTCBOXSTRING
INLBOXSTRING
OUTLBOXSTRING
POUTLPINT
OUTDWORDINDWORD
INOUTNEXTMENU
INDEVICECHANGE
INLPMDICREATESTRUCT
INOUTDRAG
INDESTROYCLIPBRD
INPAINTCLIPBRD
INSIZECLIPBRD
INCNTOUTSTRINGNULL
KERNELONLY
DDEINIT
SENTDDEMSG
#ifdef FE_SB
GETDBCSTEXTLENGTHS
EMGETSEL
EMSETSEL
INWPARAMDBCSCHAR
CBGETEDITSEL
IMECONTROL
#endif
INOUTMENUGETOBJECT
POWERBROADCAST
LOGONNOTIFY
INLPKDRAWSWITCHWND
