This file contains any messages produced by compilers while
running configure, to aid debugging if configure makes a mistake.

configure:557: checking for a BSD compatible install
configure:610: checking whether build environment is sane
configure:667: checking whether make sets ${MAKE}
configure:713: checking for working aclocal
configure:726: checking for working autoconf
configure:739: checking for working automake
configure:752: checking for working autoheader
configure:765: checking for working makeinfo
configure:783: checking for gcc
configure:896: checking whether the C compiler (gcc  ) works
configure:912: gcc -o conftest    conftest.c  1>&5
configure:938: checking whether the C compiler (gcc  ) is a cross-compiler
configure:943: checking whether we are using GNU C
configure:971: checking whether gcc accepts -g
configure:1005: checking how to run the C preprocessor
configure:1085: checking for ANSI C header files
configure:1192: checking for unistd.h
configure:1230: checking for mingw32 environment
configure:1262: checking for socket
