c:\Users\Greenie\documents\visual studio 2010\Projects\LogCom\LogCom\Release\cl.command.1.tlog
c:\Users\Greenie\documents\visual studio 2010\Projects\LogCom\LogCom\Release\CL.read.1.tlog
c:\Users\Greenie\documents\visual studio 2010\Projects\LogCom\LogCom\Release\CL.write.1.tlog
C:\USERS\GREENIE\DOCUMENTS\VISUAL STUDIO 2010\PROJECTS\LOGCOM\LOGCOM\RELEASE\DLLMAIN.OBJ
c:\Users\Greenie\documents\visual studio 2010\Projects\LogCom\LogCom\Release\link.command.1.tlog
c:\Users\Greenie\documents\visual studio 2010\Projects\LogCom\LogCom\Release\link.read.1.tlog
c:\Users\Greenie\documents\visual studio 2010\Projects\LogCom\LogCom\Release\link.write.1.tlog
C:\USERS\GREENIE\DOCUMENTS\VISUAL STUDIO 2010\PROJECTS\LOGCOM\LOGCOM\RELEASE\LOGCOM.DLL.INTERMEDIATE.MANIFEST
C:\USERS\GREENIE\DOCUMENTS\VISUAL STUDIO 2010\PROJECTS\LOGCOM\LOGCOM\RELEASE\LOGCOM.OBJ
C:\USERS\GREENIE\DOCUMENTS\VISUAL STUDIO 2010\PROJECTS\LOGCOM\LOGCOM\RELEASE\LOGCOM.PCH
c:\Users\Greenie\documents\visual studio 2010\Projects\LogCom\LogCom\Release\LogCom.write.1.tlog
c:\Users\Greenie\documents\visual studio 2010\Projects\LogCom\LogCom\Release\mt.command.1.tlog
c:\Users\Greenie\documents\visual studio 2010\Projects\LogCom\LogCom\Release\mt.read.1.tlog
c:\Users\Greenie\documents\visual studio 2010\Projects\LogCom\LogCom\Release\mt.write.1.tlog
C:\USERS\GREENIE\DOCUMENTS\VISUAL STUDIO 2010\PROJECTS\LOGCOM\LOGCOM\RELEASE\STDAFX.OBJ
C:\USERS\GREENIE\DOCUMENTS\VISUAL STUDIO 2010\PROJECTS\LOGCOM\LOGCOM\RELEASE\VC100.PDB
C:\USERS\GREENIE\DOCUMENTS\VISUAL STUDIO 2010\PROJECTS\LOGCOM\RELEASE\LOGCOM.DLL
c:\users\greenie\documents\visual studio 2010\Projects\LogCom\Release\LogCom.exp
c:\users\greenie\documents\visual studio 2010\Projects\LogCom\Release\LogCom.lib
C:\USERS\GREENIE\DOCUMENTS\VISUAL STUDIO 2010\PROJECTS\LOGCOM\RELEASE\LOGCOM.PDB
