Sync to Wine-0_9_15:
Mikoaj Zalewski <mikolaj@zalewski.pl>
- comctl32: header: Put the new item in place of the hot divider instead of swapping.
- comctl32: header: Draw the drag image and hot dividers while dragging an item.
- comctl32: header: Fix an order-related bug in HEADER_InternalHitTest.
- comctl32: header: Implement HDM_SETHOTDIVIDER.
- comctl32: header: Implement HDM_CREATEDRAGIMAGE.
- comctl32: listview: Apply the HDS_DRAGDROP header style if needed.
- comctl32: header: Update the rects in HEADER_Refresh if needed.
- comctl32: header: Ignore out-of-range iOrder in SetItemT.
Paul Vriens <Paul.Vriens@xs4all.nl>
- comctl32/header: Check Null before accessing struct member.
Alexandre Julliard <julliard@winehq.org>
- comctl32: Dialog procedures should be called with CallWindowProc.

Sync to Wine-0_9_14:
Mikoaj Zalewski <mikolaj@zalewski.pl>
- comctl32: header: Don't try to draw items outside the clipping rect.
- comctl32: header: Make the column resizing smooth in full drag mode.
Jonathan Ernst <jonathan@ernstfamily.ch>
- Update the address of the Free Software Foundation.
- Uniformization of French main menu accelerators.

Sync to Wine-0_9_13:
Mikoaj Zalewski <mikolaj@zalewski.pl>
- comctl32: Add Str_SetPtrWtoA analogue to Str_SetPtrAtoW.
qingdoa daoo <qingdao33122@yahoo.com>
- comctl32: Change return code comparison in AVI control.
- comctl32: Fix an unsigned comparison to zero.
- comctl32: Update first visible when appropiate in the TVI_SORT case.
Saulius Krasuckas <saulius2@ar.fi.lt>
- comctl32: Increase FILEVERSION up to 5.81.4704.1100.

Sync to Wine-0_9_12:
Mike Hearn <mike@plan99.net>
- comctl32: Add OOM codepath in imagelist control.
Antonio Codazzi <f_sophia@libero.it>
- comctl32: Italian language updates.
- comctl32: Esperanto language support.

Sync to Wine-0_9_11:
Rein Klazes <wijn@wanadoo.nl>
- comctl32: Do not free LPSTR_TEXTCALLBACK tooltip texts.
James Hawkins <truiken@gmail.com>
- comctl32: A couple fixes for tab icon offsets.
Thomas Weidenmueller <wine-patches@reactsoft.com>
- comctl32: Rebar size fix.
Mike McCormack <mike@codeweavers.com>
- comctl32: Having an MRU list without a compare function works in Windows.

Sync to Wine-0_9_10:
András Kovács <andras@csevego.net>
- comctl32: Added Hungarian translation.
Mike McCormack <mike@codeweavers.com>
- comctl32: Fix some gcc 4.1 warnings caused by windowsx.h macros.

Sync to Wine-0_9_9:
Vitaliy Margolen <wine-patch@kievinfo.com>
- comctl32: Remove/swap limits if min > max in MCM_SETRANGE.
  We should swap min & max only when both limits are being
  set. Otherwise limit that being set should invalidate other limit
  (remove it).
- comctl32: Don't change month range in MCM_SETRANGE. Add tests for this.

Sync to Wine-0_9_8:
Vitaliy Margolen <wine-patch@kievinfo.com>
- comctl32: Fix invalid date/time check in MCM_SETRANGE: ignore time and fail on bad date.
Francois Gouget <fgouget@free.fr>
- Assorted spelling fixes.
Petr Tesarik <hat@tesarici.cz>
- comctl32: Czech language resources encoding fix.
Fatih Ac <fasici@linux-sevenler.org>
- comctl32: Turkish translation.

Sync to Wine-0_9_7:
Alexandre Julliard <julliard@winehq.org>
- Fixed creation of PS_ALTERNATE pens.

Sync to Wine-0_9_6:
Phil Krylov <phil@newstar.rinet.ru>
- comctl32: Call UpdateWindow() after changing statusbar text.
Thomas Weidenmueller <wine-patches@reactsoft.com>
- comctl32: Reduce memory usage of the syslink control.
- comctl32: Some painting fixes for the syslink control.
Mike McCormack <mike@codeweavers.com>
- comctl32: Invalidate the entire progress bar any time it changes.

Sync to Wine-0_9_5:
Robert Reif <reif@earthlink.net>
- comctl32: Create ipaddress in enabled state.
Thomas Weidenmueller <wine-patches@reactsoft.com>
- comctrl32: ReAlloc should be able to move memory blocks if necessary.

Sync to Wine-0_9_4:
Dmitry Timoshkov <dmitry@codeweavers.com>
- comctl32: Add a test for the initial tooltip window style settings,
  make it pass under Wine.
Eric Pouech <eric.pouech@wanadoo.fr>
- comctl32: Fixed (harmless) typo.

Sync to Wine-0_9_3:
Francois Gouget <fgouget@free.fr>
- Assorted spelling fixes.
YunSong Hwang <hys545@dreamwiz.com>
- Update Korean translations.

Sync to Wine-0_9_2:
Francois Gouget <fgouget@free.fr>
- Remove spaces before '\n' in traces.
Thomas Weidenmueller <wine-patches@reactsoft.com>
- Improved word wrapping and tab key handling.
YunSong Hwang <hys545@dreamwiz.com>
- Update Korean translations.
Markus Amsler <markus.amsler@oribi.org>
- Reformat "see" section, to match c2man requirements.

Sync to Wine-0_9_1:
Michael Kaufmann <hallo@michael-kaufmann.ch>
- Handle WM_PRINTCLIENT.
  Don't use SelectClipRgn in WM_PRINTCLIENT.
Alex Villacís Lasso <a_villacis@palosanto.com>
- Do not issue a GetUpdateRect() to query an update region for
  WM_PAINT(wParam=HDC) case. Instead, use GetClientRect() for a bounding
  rect.
Vincent Béron <vberon@mecano.gme.usherb.ca>
- Move functions in comctl32/string.c to remove function declaration.
Dmitry Timoshkov <dmitry@codeweavers.com>
- Use Win32 APIs for string comparison.
Martin Fuchs <martin-fuchs@gmx.net>
- Include config.h and port.h for strncasecmp() in MSVC port.
