301	"warning"
302	"error"
303	"fatal error"
1001	"INTERNAL COMPILER ERROR\n\tFailed Assertion: %s\n\t(compiler file %s, line %d)\nPlease choose the Techincal Support command on the Visual C++\n Help Menu, or open the Technical Support help file for more information."
1002	"System Assertion.\n"
1003	"Must supply -il switch.\n"
1004	"Must supply -source or -f switch to create source listing.\n"
1005	"ex Stack Empty\n"
1006	"ex Stack Overflow\n"
1007	"End-of-file P1/P2 IL list\n"
2000	"UNKNOWN ERROR\n    Please choose the Technical Support command on the Visual C++\n    Help menu, or open the Technical Suport help file for more information.\n"
2701	"Terminating code generation for current routine.\n"
2702	"%d integrity check error%s:\n\t in initial IL & ST for module %s.\n"
2703	"%d integrity check error%s:\n\t after IL expansion of routine %s.\n"
2704	"%d integrity check error%s:\n\t after %*s optimization phase for routine %s.\n"
2705	"Overlapping static storage initializations detected at Psect %*s + %d.\n"
2706	"Allocations to Psect %*s exceeded growth bounds.\n"
2707	"Psect %*s alignment is insufficient for allocation of %s.\n"
2708	"Event break at %s.\n"
2709	"Conflicting required uses of register(s): %*s.\n"
2710	"Unable to satisfy program register allocation requirements.\n"
2711	"An initialization requiring relocation is not correctly aligned at Psect %*s + %d.\n"
2712	"System register specified as external register.\n"
2713	"GP-relative addressed data overflows limit of %d; reduce -Gt value.\n"
2714	"Object file section %*s has %d relocations; maximum allowed is %d.\n"
2715	"Invalid feedback file: %*s.\n"
2716	"Could not find feedback information for most of this function: %*s.\n"
2717	"GOT table overflow for module '%s'.\n"
2718	"File not found: %s.\n"
2719	"Diagnostic message limit exceeded.\n"
2720	"Allocations to stack exceede maximum frame size."
2801	"This asm is unsupported or illegal.\n"
2802	"Second argument of va_start must be a simple parameter\n"
2803	"va_list argument of va_start must be a simple variable\n"
2804	"Goto into a catch handler is illegal.\n"
2805	" P1/P2 ILOP %02x  %-12s\n"
2806	" %-12s\n"
2807	"/%s and /%s command options are mutually exclusive.\n"
2808	"Invalid GL record type: 0x%02x.  Record position: %08x.\n"
2809	"Invalid SY record type: 0x%02x.  Record position: %08x.\n"
2810	"Invalid IN record type is: INI_ALIGN.  Record position: %08x.\n"
2811	"Invalid IN record type is: INI_REPEAT.  Record position: %08x.\n"
2812	"Invalid IN Record Type"
2813	"Invalid IN record type is: INI_ENDREPEAT.  Record position: %08x.\n"
2814	"Invalid IN record type is: INI_DESTTYPES.  Record position: %08x.\n"
2815	"Invalid IN record type is: INI_SRCTYPES.  Record position: %08x.\n"
2816	"Invalid IN record type is: INI_P1INFO.  Record position: %08x.\n"
2817	"Invalid IN record type is: 0x%02x.  Record position: %08x.\n"
2818	"Couldn't open file: %s\n"
2819	"illegal use of setjmp.\n\tSee section 4.6.1.1 of the C language standard.\n"
2820	"Fixed register expected while processing %*s instruction.\n"
2821	"Comma expected while processing %*s instruction.\n"
2822	"Left paren expected while processing %*s instruction.\n"
2823	"Right paren expected while processing %*s instruction.\n"
2824	"Float register expected while processing %*s instruction.\n"
2825	"Integer constant expected while processing %*s instruction.\n"
2826	"Semicolon or asm end expected while processing %*s instruction.\n"
2827	"Identifier expected while processing %*s instruction.\n"
2828	"Instruction mnemonic expected (found %*s).\n"
2829	"%*s is not a register name on %*s.\n"
2830	"%*s instruction is not supported in asms on %*s.\n"
2831	"Unusual ldgp requires a '.s' file.\n"
2832	"Hint on %*s instruction requires a .s file.\n"
2833	"Use of symbolic addresses with %*s instruction requires a .s file.\n"
2834	"Floating point load-immediate instructions require a .s file.\n"
2835	"Register %*s is used before it is set in %*s instruction.\n"
2836	"%*s will be loaded with current return address before use in %*s instruction.\n"
2837	"Support for %*s (%*s) in asms is not implemented on %*s.\n"
2838	"Label expected while processing %*s instruction\n"
2839	"Reference to undefined label in asm %*s\n"
2840	"Multiple definitions of label in asm %*s\n"
4701	"Code can never be executed at label %s.\n"
4702	"Variable '%s' is fetched, not initialized.\n"
4703	"Address of a pass-by-value parameter '%s' was taken.\n"
4704	"Number of actual and formal parameters inconsistent in '%s'.\n"
4705	"Type of actual argument inconsistent with formal parameter declaration in %s.\n"
4706	"Missing actual argument for corresponding formal '%s'.\n"
4707	"Argument passing mechanism does not match formal parameter mechanism for '%s'.\n"
4708	"Routine %s can never be called.\n"
4712	"Ignoring system register specified in routine's linkage.\n"
4714	"Expression does not contribute to result.\n"
4716	"Unable to generate code for atomic access.\n"
4718	"Unable to generate code for requested granularity.\n"
4720	"Routine '%s' does not return a value.\n"
4722	"Empty object file due to errors.\n"
4726	"Volatile access appears unaligned, but must be aligned at\n\trun-time to ensure atomicity and byte granularity.\n"
4729	"Feedback file not found: %*s.\n"
4737	"non-standard use of setjmp.\n\tSee section 4.6.1.1 of the C language standard.\n"
4738	"%*s instruction used is not in the selected instruction set.\n"
4739	"setjmp macro usage not conformant to section 4.6.1.1 of\n\tAmerican National Standard (ANSI) X3.159-1989.\n\tIncorrect code may be generated when compiled with optimization.\n"
4801	"Found BASEDREF without setting skip.\n"
4802	"Make_Basedref: Found ???.ADDR without making one.\n"
4803	"Result of a SHIFT OPERATION forced into integer range.\n"
4804	"Inconsistent Alignment Data EXTRACT/ASSIGN v.s. FIELD.\n"
4805	"Inconsistent internal BASEDREF found.\n"
4806	"Variable used in va_start must be the last named parameter.\n\tSee section 4.8.1.1 of the ANSI C standard.\n"
4807	"The /%s command option cannot be specified without the /%s option.\n"
4808	"'%c' is not a valid code letter with the /FA command option.\n"
4809	"'a' may not be specified without 'c' on the /FA command option.\n"
4810	"'%s' is not a valid keyword with the /QAtune command option.  Using generic instead.\n"
4811	" '%s' export qualifier unsupported, extern definition assumed\n"
4812	"_export modifier unsupported, extern definition used\n\tfor variable: %s\n"
4813	" '%s' is thread-local, ignoring the pragma data_seg on it\n"
4814	"Using -no_data_layout_opt_for_excel for global double '%s'.\n\tAccesses via pointers without __unaligned modifiers\n\tmay suffer from run time alignment fixup faults.\n\tAdd padding to align on an 8 byte boundary.\n"
4815	"Using -no_data_layout_opt_for_excel for global _int64 '%s'.\n\tAccesses via pointers without __unaligned modifiers\n\tmay suffer from run time alignment fixup faults.\n\tAdd padding to align on an 8 byte boundary.\n"
4816	"Long identifier truncated to:\n\t'%s'\n"
4817	"-cbstring overrides writeable_gf_strings switch.\n"
4818	"'%*s' is not a valid keyword with the /QAtune command option.\n"
4819	"'%*s' is not a valid keyword with the /QAarch command option.\n"
4820	"'%s' is not a valid keyword with the /QAtune command option.  Using generic instead.\n"
