302	"Command line warning D%d : "
303	"Command line error D%d : "
305	"usage: cl [ option... ] filename... [ -link linkoption... ]\n"
306	"Microsoft (R) & Digital (TM) Alpha C/C++ Optimizing Compiler Version %s\n"
307	"Copyright (C) Microsoft Corp 1984-1996.\nCopyright (C) Digital Equipment Corporation 1992-1996.\nAll rights reserved.\n\n"
313	"(press <return> to continue)"
320	", "
321	" or "
330	"Skipping... (no relevant changes detected)\n"
331	"Compiling...\n"
332	"Processing...\n"
333	"Generating Code...\n"
2003    "missing source filename"
2004	"'/%s' requires an argument"
2016    "'/%s%s' and '/%s%s' command-line options are incompatible"
2018	"cannot create linker response file"
2021	"invalid numeric argument '/%s%s'"
2022	"cannot open '%s'"
2027	"cannot execute '%s'"
2029	"cannot execute '%s' out of environment memory"
2030	"INTERNAL COMPILER ERROR in '%s'\n    Please choose the Technical Support command on the Visual C++\n    Help menu, or open the Technical Support help file for more information"
2034	"error reading '%s'"
2035	"response files nested too deeply"
2036	"'/%s%s' not allowed with multiple source files"
2000	"UNKNOWN COMMAND-LINE ERROR\n    Please choose the Technical Support command on the Visual C++\n    Help menu, or open the Technical Support help file for more information"
4002	"ignoring unknown option '%s'"
4007	"'%s' requires '%s'; option ignored"
4014	"invalid value '%d' for '/%s'; assuming '%d'"
4015    "invalid assembly listing configuration '%s%s'"
4021    "no action performed"
4024	"unrecognized source file type '%s', object file assumed"
4025	"overriding '/%s%s' with '/%s%s'"
4026	"options apply to entire command line"
4027	"source file '%s' ignored"
4028	"minimal rebuild failure, reverting to normal build"
4000	"UNKNOWN COMMAND-LINE WARNING\n    Please choose the Technical Support command on the Visual C++\n    Help menu, or open the Technical Support help file for more information"
