1100	"ERR_DUPLICATE_RESOURCE"
1101	"cannot open %s for reading"
1102	"out of memory; %u bytes required"
1103	"cannot read file"
1104	"cannot get location in file"
1105	"cannot seek in file"
1106	"cannot write to file"
1107	"%s is corrupt"
1108	"cannot open %s for writing"
2000	"duplicate resource -- type:%S,%c"
2001	"duplicate resource -- type:%s,%c"
2002	"duplicate resource -- type:%ld,%c"
2003	"name:%S, language:0x%.4x\n"
2004	"name:%ld, language:0x%.4x\n"
4001	"machine type not specified; assumed %s"
5001	"adding resource -- type:%S,%c"
5002	"adding resource -- type:%s,%c"
5003	"adding resource -- type:%ld,%c"
5004	"name:%S,%c"
5005	"name:%ld,%c"
5006	"language:%x, flags:%x, size:%ld\n"
8001	"CVTRES : fatal error CVT%04d:%c"
8002	"CVTRES : warning CVT%04d:%c"
8003	"Microsoft (R) Windows Resource To Object Converter Version %s\n"
8004	"Copyright (C) Microsoft Corp 1992-1995. All rights reserved.\n"
