				/* error messages */

2001	"too many symbols predefined with /D"
2002    "memory-model conflict"
2003    "missing source filename"
2005    "%s requires /vmg"
2008	"limit of %s exceeded at '%s'"
2011	"only one floating-point option allowed"
2012	"too many linker arguments"
2013    "incomplete model specification"
2016    "%s and %s command-line options are incompatible"
2018	"cannot create linker response file"
2019	"cannot overwrite source or object file '%s'"
2020	"%s option requires extended keywords to be enabled (/Ze)"
2021	"invalid numeric argument '%s'"
2022	"cannot open '%s'"
2023    "invalid model specification - flat model only"
2027	"cannot execute '%s'"
2028    "too many open files; cannot redirect '%s'"
2030	"internal compiler error in '%s'"
2031    "too many command-line options"
2000	"unknown command-line error"

				/* warning messages */

4001	"listing overrides assembly output"
4002	"ignoring unknown option '%s'"
4003	"processor-option conflict"
4004	"/G3 only available in optimizing compiler; assuming /G2"
4005	"cannot find '%s';\nPlease enter new filename (full path) or CTRL+C to quit: "
4007	"'%s' requires '%s'; option ignored"
4009	"threshold only for far or huge data; ignored"
4011	"preprocessing overrides source listing"
4012	"function declarations override source listing"
4013	"combined listing overrides object listing"
4014	"invalid value '%d' for '%s'; assuming '%d'"
4018	".DEF files supported for segmented executable files only"
4019	"string too long; truncated to %d characters"
4020    "'%s' : missing argument; option ignored"
4021    "no action performed"
4022	"option '%s' invalid for %d-bit target"
4023	"option '%s' forces use of optimizing compiler"
4000	"unknown command-line warning"
