C:\USERS\GREENIE\DOCUMENTS\VISUAL STUDIO 2010\PROJECTS\LOGCOM\DEBUG\LOGCOM.DLL
C:\USERS\GREENIE\DOCUMENTS\VISUAL STUDIO 2010\PROJECTS\LOGCOM\DEBUG\LOGCOM.ILK
C:\USERS\GREENIE\DOCUMENTS\VISUAL STUDIO 2010\PROJECTS\LOGCOM\DEBUG\LOGCOM.PDB
c:\Users\Greenie\documents\visual studio 2010\Projects\LogCom\LogCom\Debug\cl.command.1.tlog
c:\Users\Greenie\documents\visual studio 2010\Projects\LogCom\LogCom\Debug\CL.read.1.tlog
c:\Users\Greenie\documents\visual studio 2010\Projects\LogCom\LogCom\Debug\CL.write.1.tlog
C:\USERS\GREENIE\DOCUMENTS\VISUAL STUDIO 2010\PROJECTS\LOGCOM\LOGCOM\DEBUG\DLLMAIN.OBJ
c:\Users\Greenie\documents\visual studio 2010\Projects\LogCom\LogCom\Debug\link.2516.read.1.tlog
c:\Users\Greenie\documents\visual studio 2010\Projects\LogCom\LogCom\Debug\link.2516.write.1.tlog
c:\Users\Greenie\documents\visual studio 2010\Projects\LogCom\LogCom\Debug\link.2516-cvtres.read.1.tlog
c:\Users\Greenie\documents\visual studio 2010\Projects\LogCom\LogCom\Debug\link.2516-cvtres.write.1.tlog
c:\Users\Greenie\documents\visual studio 2010\Projects\LogCom\LogCom\Debug\link.5548.read.1.tlog
c:\Users\Greenie\documents\visual studio 2010\Projects\LogCom\LogCom\Debug\link.5548.write.1.tlog
c:\Users\Greenie\documents\visual studio 2010\Projects\LogCom\LogCom\Debug\link.5548-cvtres.read.1.tlog
c:\Users\Greenie\documents\visual studio 2010\Projects\LogCom\LogCom\Debug\link.5548-cvtres.write.1.tlog
c:\Users\Greenie\documents\visual studio 2010\Projects\LogCom\LogCom\Debug\link.command.1.tlog
c:\Users\Greenie\documents\visual studio 2010\Projects\LogCom\LogCom\Debug\link.read.1.tlog
c:\Users\Greenie\documents\visual studio 2010\Projects\LogCom\LogCom\Debug\link.write.1.tlog
c:\Users\Greenie\documents\visual studio 2010\Projects\LogCom\LogCom\Debug\link-cvtres.read.1.tlog
c:\Users\Greenie\documents\visual studio 2010\Projects\LogCom\LogCom\Debug\link-cvtres.write.1.tlog
C:\USERS\GREENIE\DOCUMENTS\VISUAL STUDIO 2010\PROJECTS\LOGCOM\LOGCOM\DEBUG\LOGCOM.DLL.EMBED.MANIFEST
C:\USERS\GREENIE\DOCUMENTS\VISUAL STUDIO 2010\PROJECTS\LOGCOM\LOGCOM\DEBUG\LOGCOM.DLL.EMBED.MANIFEST.RES
C:\USERS\GREENIE\DOCUMENTS\VISUAL STUDIO 2010\PROJECTS\LOGCOM\LOGCOM\DEBUG\LOGCOM.DLL.INTERMEDIATE.MANIFEST
C:\USERS\GREENIE\DOCUMENTS\VISUAL STUDIO 2010\PROJECTS\LOGCOM\LOGCOM\DEBUG\LOGCOM.OBJ
C:\USERS\GREENIE\DOCUMENTS\VISUAL STUDIO 2010\PROJECTS\LOGCOM\LOGCOM\DEBUG\LOGCOM.PCH
c:\Users\Greenie\documents\visual studio 2010\Projects\LogCom\LogCom\Debug\LogCom_manifest.rc
c:\Users\Greenie\documents\visual studio 2010\Projects\LogCom\LogCom\Debug\mt.command.1.tlog
c:\Users\Greenie\documents\visual studio 2010\Projects\LogCom\LogCom\Debug\mt.read.1.tlog
c:\Users\Greenie\documents\visual studio 2010\Projects\LogCom\LogCom\Debug\mt.write.1.tlog
c:\Users\Greenie\documents\visual studio 2010\Projects\LogCom\LogCom\Debug\rc.command.1.tlog
c:\Users\Greenie\documents\visual studio 2010\Projects\LogCom\LogCom\Debug\rc.read.1.tlog
c:\Users\Greenie\documents\visual studio 2010\Projects\LogCom\LogCom\Debug\rc.write.1.tlog
C:\USERS\GREENIE\DOCUMENTS\VISUAL STUDIO 2010\PROJECTS\LOGCOM\LOGCOM\DEBUG\STDAFX.OBJ
c:\Users\Greenie\documents\visual studio 2010\Projects\LogCom\LogCom\Debug\vc100.idb
C:\USERS\GREENIE\DOCUMENTS\VISUAL STUDIO 2010\PROJECTS\LOGCOM\LOGCOM\DEBUG\VC100.PDB
